# JRE version: Java(TM) SE Runtime Environment (22.0.2+9) (build 22.0.2+9-70)
# Java VM: Java HotSpot(TM) 64-Bit Server VM (22.0.2+9-70, mixed mode, sharing, tiered, compressed oops, compressed class ptrs, g1 gc, windows-amd64)
GC Precious Log:
 CardTable entry size: 512
 Card Set container configuration: InlinePtr #cards 4 size 8 Array Of Cards #cards 16 size 48 Howl #buckets 8 coarsen threshold 3686 Howl Bitmap #cards 512 size 80 coarsen threshold 460 Card regions per heap region 1 cards per card region 4096
 CPUs: 16 total, 16 available
 Memory: 15997M
 Large Page Support: Disabled
 NUMA Support: Disabled
 Compressed Oops: Enabled (Zero based)
 Heap Region Size: 2M
 Heap Min Capacity: 8M
 Heap Initial Capacity: 8M
 Heap Max Capacity: 4000M
 Pre-touch: Disabled
 Parallel Workers: 13
 Concurrent Workers: 3
 Concurrent Refinement Workers: 13
 Periodic GC: Disabled
Heap:
 garbage-first heap   total reserved 4096000K, committed 8192K, used 5275K [0x0000000706000000, 0x0000000800000000)
  region size 2048K, 2 young (4096K), 1 survivors (2048K)
 Metaspace       used 8271K, committed 8448K, reserved 1114112K
  class space    used 965K, committed 1088K, reserved 1048576K
GC Heap History (7 events):
Event: 0.260 GC heap before
{Heap before GC invocations=0 (full 0):
 garbage-first heap   total reserved 4096000K, committed 8192K, used 4096K [0x0000000706000000, 0x0000000800000000)
  region size 2048K, 2 young (4096K), 0 survivors (0K)
 Metaspace       used 4822K, committed 4992K, reserved 1114112K
  class space    used 610K, committed 704K, reserved 1048576K
}
Event: 0.263 GC heap after
{Heap after GC invocations=1 (full 0):
 garbage-first heap   total reserved 4096000K, committed 8192K, used 1872K [0x0000000706000000, 0x0000000800000000)
  region size 2048K, 1 young (2048K), 1 survivors (2048K)
 Metaspace       used 4822K, committed 4992K, reserved 1114112K
  class space    used 610K, committed 704K, reserved 1048576K
}
Event: 0.397 GC heap before
{Heap before GC invocations=1 (full 0):
 garbage-first heap   total reserved 4096000K, committed 8192K, used 3920K [0x0000000706000000, 0x0000000800000000)
  region size 2048K, 2 young (4096K), 1 survivors (2048K)
 Metaspace       used 7775K, committed 8000K, reserved 1114112K
  class space    used 908K, committed 1024K, reserved 1048576K
}
Event: 0.400 GC heap after
{Heap after GC invocations=2 (full 0):
 garbage-first heap   total reserved 4096000K, committed 8192K, used 2610K [0x0000000706000000, 0x0000000800000000)
  region size 2048K, 1 young (2048K), 1 survivors (2048K)
 Metaspace       used 7775K, committed 8000K, reserved 1114112K
  class space    used 908K, committed 1024K, reserved 1048576K
}
Event: 0.442 GC heap before
{Heap before GC invocations=2 (full 0):
 garbage-first heap   total reserved 4096000K, committed 8192K, used 4658K [0x0000000706000000, 0x0000000800000000)
  region size 2048K, 2 young (4096K), 1 survivors (2048K)
 Metaspace       used 8110K, committed 8320K, reserved 1114112K
  class space    used 941K, committed 1024K, reserved 1048576K
}
Event: 0.444 GC heap after
{Heap after GC invocations=3 (full 0):
 garbage-first heap   total reserved 4096000K, committed 8192K, used 3227K [0x0000000706000000, 0x0000000800000000)
  region size 2048K, 1 young (2048K), 1 survivors (2048K)
 Metaspace       used 8110K, committed 8320K, reserved 1114112K
  class space    used 941K, committed 1024K, reserved 1048576K
}
Event: 0.466 GC heap before
{Heap before GC invocations=3 (full 0):
 garbage-first heap   total reserved 4096000K, committed 8192K, used 5275K [0x0000000706000000, 0x0000000800000000)
  region size 2048K, 2 young (4096K), 1 survivors (2048K)
 Metaspace       used 8271K, committed 8448K, reserved 1114112K
  class space    used 965K, committed 1088K, reserved 1048576K
}

